0 info it worked if it ends with ok
1 verbose cli [ 'C:\\Program Files\\nodejs\\node.exe',
1 verbose cli   'C:\\Users\\duulketariakan\\AppData\\Roaming\\npm\\node_modules\\npm\\bin\\npm-cli.js',
1 verbose cli   'run',
1 verbose cli   'seed' ]
2 info using npm@3.10.10
3 info using node@v6.10.3
4 verbose run-script [ 'preseed', 'seed', 'postseed' ]
5 info lifecycle keepsafe-server@1.0.0~preseed: keepsafe-server@1.0.0
6 silly lifecycle keepsafe-server@1.0.0~preseed: no script for preseed, continuing
7 info lifecycle keepsafe-server@1.0.0~seed: keepsafe-server@1.0.0
8 verbose lifecycle keepsafe-server@1.0.0~seed: unsafe-perm in lifecycle true
9 verbose lifecycle keepsafe-server@1.0.0~seed: PATH: C:\Users\duulketariakan\AppData\Roaming\npm\node_modules\npm\bin\node-gyp-bin;C:\Users\duulketariakan\ssp-one\my-projects\WalkSafe-server\node_modules\.bin;C:\Users\duulketariakan\bin;C:\Program Files\Git\mingw64\bin;C:\Program Files\Git\usr\local\bin;C:\Program Files\Git\usr\bin;C:\Program Files\Git\usr\bin;C:\Program Files\Git\mingw64\bin;C:\Program Files\Git\usr\bin;C:\Users\duulketariakan\bin;C:\program files\graphicsmagick-1.3.26-q8;C:\Program Files\ImageMagick-7.0.6-Q16;C:\ProgramData\Oracle\Java\javapath;C:\Program Files (x86)\NVIDIA Corporation\PhysX\Common;C:\Program Files (x86)\Intel\iCLS Client;C:\Program Files\Intel\iCLS Client;C:\WINDOWS\system32;C:\WINDOWS;C:\WINDOWS\System32\Wbem;C:\WINDOWS\System32\WindowsPowerShell\v1.0;C:\Program Files (x86)\Intel\OpenCL SDK\3.0\bin\x86;C:\Program Files (x86)\Intel\OpenCL SDK\3.0\bin\x64;C:\Program Files\Intel\Intel(R) Management Engine Components\DAL;C:\Program Files\Intel\Intel(R) Management Engine Components\IPT;C:\Program Files (x86)\Intel\Intel(R) Management Engine Components\DAL;C:\Program Files (x86)\Intel\Intel(R) Management Engine Components\IPT;C:\Program Files (x86)\Skype\Phone;C:\Program Files\nodejs;C:\Users\duulketariakan\Documents\Programming;C:\ProgramData\chocolatey\bin;C:\Program Files\Git\cmd;C:\Program Files\PuTTY;C:\Ruby24-x64\bin;C:\Users\duulketariakan\AppData\Local\Microsoft\WindowsApps;C:\Program Files (x86)\Microsoft VS Code\bin;C:\Users\duulketariakan\AppData\Local\Microsoft\WindowsApps;C:\Users\duulketariakan\AppData\Roaming\npm;C:\Users\duulketariakan\AppData\Local\atom\bin;C:\SQLite3;C:\tools\mysql\current\bin;C:\Program Files\Heroku\bin;C:\Program Files\MongoDB\Server\3.4\bin;C:\Program Files\Git\usr\bin\vendor_perl;C:\Program Files\Git\usr\bin\core_perl
10 verbose lifecycle keepsafe-server@1.0.0~seed: CWD: C:\Users\duulketariakan\ssp-one\my-projects\WalkSafe-server
11 silly lifecycle keepsafe-server@1.0.0~seed: Args: [ '/d /s /c', 'node db/seed.js' ]
12 silly lifecycle keepsafe-server@1.0.0~seed: Returned: code: 1  signal: null
13 info lifecycle keepsafe-server@1.0.0~seed: Failed to exec seed script
14 verbose stack Error: keepsafe-server@1.0.0 seed: `node db/seed.js`
14 verbose stack Exit status 1
14 verbose stack     at EventEmitter.<anonymous> (C:\Users\duulketariakan\AppData\Roaming\npm\node_modules\npm\lib\utils\lifecycle.js:255:16)
14 verbose stack     at emitTwo (events.js:106:13)
14 verbose stack     at EventEmitter.emit (events.js:191:7)
14 verbose stack     at ChildProcess.<anonymous> (C:\Users\duulketariakan\AppData\Roaming\npm\node_modules\npm\lib\utils\spawn.js:40:14)
14 verbose stack     at emitTwo (events.js:106:13)
14 verbose stack     at ChildProcess.emit (events.js:191:7)
14 verbose stack     at maybeClose (internal/child_process.js:886:16)
14 verbose stack     at Process.ChildProcess._handle.onexit (internal/child_process.js:226:5)
15 verbose pkgid keepsafe-server@1.0.0
16 verbose cwd C:\Users\duulketariakan\ssp-one\my-projects\WalkSafe-server
17 error Windows_NT 10.0.15063
18 error argv "C:\\Program Files\\nodejs\\node.exe" "C:\\Users\\duulketariakan\\AppData\\Roaming\\npm\\node_modules\\npm\\bin\\npm-cli.js" "run" "seed"
19 error node v6.10.3
20 error npm  v3.10.10
21 error code ELIFECYCLE
22 error keepsafe-server@1.0.0 seed: `node db/seed.js`
22 error Exit status 1
23 error Failed at the keepsafe-server@1.0.0 seed script 'node db/seed.js'.
23 error Make sure you have the latest version of node.js and npm installed.
23 error If you do, this is most likely a problem with the keepsafe-server package,
23 error not with npm itself.
23 error Tell the author that this fails on your system:
23 error     node db/seed.js
23 error You can get information on how to open an issue for this project with:
23 error     npm bugs keepsafe-server
23 error Or if that isn't available, you can get their info via:
23 error     npm owner ls keepsafe-server
23 error There is likely additional logging output above.
24 verbose exit [ 1, true ]
